2017-08-10 : (node:21318) DeprecationWarning: `open()` is deprecated in mongoose >= 4.11.0, use `openUri()` instead, or set the `useMongoClient` option if using `connect()` or `createConnection()`. See http://mongoosejs.com/docs/connections.html#use-mongo-client
2017-08-10 : Error: listen EADDRINUSE :::9000
    at Object.exports._errnoException (util.js:1050:11)
    at exports._exceptionWithHostPort (util.js:1073:20)
    at Server.setupListenHandle [as _listen2] (net.js:1259:14)
    at listenInCluster (net.js:1307:12)
    at Server.listen (net.js:1406:7)
    at Object.<anonymous> (/Users/apottenger/Dropbox/One Pebble/one-pebble-app/server_dist/app.js:112:8)
    at Module._compile (module.js:571:32)
    at Object.Module._extensions..js (module.js:580:10)
    at Module.load (module.js:488:32)
    at tryModuleLoad (module.js:447:12)
    at Function.Module._load (module.js:439:3)
    at Object.<anonymous> (/Users/apottenger/.nvm/versions/node/v7.10.0/lib/node_modules/pm2/lib/ProcessContainerFork.js:70:21)
    at Module._compile (module.js:571:32)
    at Object.Module._extensions..js (module.js:580:10)
    at Module.load (module.js:488:32)
    at tryModuleLoad (module.js:447:12)
2017-08-10 : (node:21323) DeprecationWarning: `open()` is deprecated in mongoose >= 4.11.0, use `openUri()` instead, or set the `useMongoClient` option if using `connect()` or `createConnection()`. See http://mongoosejs.com/docs/connections.html#use-mongo-client
2017-08-10 : Error: listen EADDRINUSE :::9000
    at Object.exports._errnoException (util.js:1050:11)
    at exports._exceptionWithHostPort (util.js:1073:20)
    at Server.setupListenHandle [as _listen2] (net.js:1259:14)
    at listenInCluster (net.js:1307:12)
    at Server.listen (net.js:1406:7)
    at Object.<anonymous> (/Users/apottenger/Dropbox/One Pebble/one-pebble-app/server_dist/app.js:112:8)
    at Module._compile (module.js:571:32)
    at Object.Module._extensions..js (module.js:580:10)
    at Module.load (module.js:488:32)
    at tryModuleLoad (module.js:447:12)
    at Function.Module._load (module.js:439:3)
    at Object.<anonymous> (/Users/apottenger/.nvm/versions/node/v7.10.0/lib/node_modules/pm2/lib/ProcessContainerFork.js:70:21)
    at Module._compile (module.js:571:32)
    at Object.Module._extensions..js (module.js:580:10)
    at Module.load (module.js:488:32)
    at tryModuleLoad (module.js:447:12)
2017-08-10 : (node:21326) DeprecationWarning: `open()` is deprecated in mongoose >= 4.11.0, use `openUri()` instead, or set the `useMongoClient` option if using `connect()` or `createConnection()`. See http://mongoosejs.com/docs/connections.html#use-mongo-client
2017-08-10 : Error: listen EADDRINUSE :::9000
    at Object.exports._errnoException (util.js:1050:11)
    at exports._exceptionWithHostPort (util.js:1073:20)
    at Server.setupListenHandle [as _listen2] (net.js:1259:14)
    at listenInCluster (net.js:1307:12)
    at Server.listen (net.js:1406:7)
    at Object.<anonymous> (/Users/apottenger/Dropbox/One Pebble/one-pebble-app/server_dist/app.js:112:8)
    at Module._compile (module.js:571:32)
    at Object.Module._extensions..js (module.js:580:10)
    at Module.load (module.js:488:32)
    at tryModuleLoad (module.js:447:12)
    at Function.Module._load (module.js:439:3)
    at Object.<anonymous> (/Users/apottenger/.nvm/versions/node/v7.10.0/lib/node_modules/pm2/lib/ProcessContainerFork.js:70:21)
    at Module._compile (module.js:571:32)
    at Object.Module._extensions..js (module.js:580:10)
    at Module.load (module.js:488:32)
    at tryModuleLoad (module.js:447:12)
2017-08-10 : (node:21329) DeprecationWarning: `open()` is deprecated in mongoose >= 4.11.0, use `openUri()` instead, or set the `useMongoClient` option if using `connect()` or `createConnection()`. See http://mongoosejs.com/docs/connections.html#use-mongo-client
2017-08-10 : Error: listen EADDRINUSE :::9000
    at Object.exports._errnoException (util.js:1050:11)
    at exports._exceptionWithHostPort (util.js:1073:20)
    at Server.setupListenHandle [as _listen2] (net.js:1259:14)
    at listenInCluster (net.js:1307:12)
    at Server.listen (net.js:1406:7)
    at Object.<anonymous> (/Users/apottenger/Dropbox/One Pebble/one-pebble-app/server_dist/app.js:112:8)
    at Module._compile (module.js:571:32)
    at Object.Module._extensions..js (module.js:580:10)
    at Module.load (module.js:488:32)
    at tryModuleLoad (module.js:447:12)
    at Function.Module._load (module.js:439:3)
    at Object.<anonymous> (/Users/apottenger/.nvm/versions/node/v7.10.0/lib/node_modules/pm2/lib/ProcessContainerFork.js:70:21)
    at Module._compile (module.js:571:32)
    at Object.Module._extensions..js (module.js:580:10)
    at Module.load (module.js:488:32)
    at tryModuleLoad (module.js:447:12)
2017-08-10 : (node:21332) DeprecationWarning: `open()` is deprecated in mongoose >= 4.11.0, use `openUri()` instead, or set the `useMongoClient` option if using `connect()` or `createConnection()`. See http://mongoosejs.com/docs/connections.html#use-mongo-client
2017-08-10 : Error: listen EADDRINUSE :::9000
    at Object.exports._errnoException (util.js:1050:11)
    at exports._exceptionWithHostPort (util.js:1073:20)
    at Server.setupListenHandle [as _listen2] (net.js:1259:14)
    at listenInCluster (net.js:1307:12)
    at Server.listen (net.js:1406:7)
    at Object.<anonymous> (/Users/apottenger/Dropbox/One Pebble/one-pebble-app/server_dist/app.js:112:8)
    at Module._compile (module.js:571:32)
    at Object.Module._extensions..js (module.js:580:10)
    at Module.load (module.js:488:32)
    at tryModuleLoad (module.js:447:12)
    at Function.Module._load (module.js:439:3)
    at Object.<anonymous> (/Users/apottenger/.nvm/versions/node/v7.10.0/lib/node_modules/pm2/lib/ProcessContainerFork.js:70:21)
    at Module._compile (module.js:571:32)
    at Object.Module._extensions..js (module.js:580:10)
    at Module.load (module.js:488:32)
    at tryModuleLoad (module.js:447:12)
2017-08-10 : (node:21335) DeprecationWarning: `open()` is deprecated in mongoose >= 4.11.0, use `openUri()` instead, or set the `useMongoClient` option if using `connect()` or `createConnection()`. See http://mongoosejs.com/docs/connections.html#use-mongo-client
2017-08-10 : Error: listen EADDRINUSE :::9000
    at Object.exports._errnoException (util.js:1050:11)
    at exports._exceptionWithHostPort (util.js:1073:20)
    at Server.setupListenHandle [as _listen2] (net.js:1259:14)
    at listenInCluster (net.js:1307:12)
    at Server.listen (net.js:1406:7)
    at Object.<anonymous> (/Users/apottenger/Dropbox/One Pebble/one-pebble-app/server_dist/app.js:112:8)
    at Module._compile (module.js:571:32)
    at Object.Module._extensions..js (module.js:580:10)
    at Module.load (module.js:488:32)
    at tryModuleLoad (module.js:447:12)
    at Function.Module._load (module.js:439:3)
    at Object.<anonymous> (/Users/apottenger/.nvm/versions/node/v7.10.0/lib/node_modules/pm2/lib/ProcessContainerFork.js:70:21)
    at Module._compile (module.js:571:32)
    at Object.Module._extensions..js (module.js:580:10)
    at Module.load (module.js:488:32)
    at tryModuleLoad (module.js:447:12)
2017-08-10 : (node:21338) DeprecationWarning: `open()` is deprecated in mongoose >= 4.11.0, use `openUri()` instead, or set the `useMongoClient` option if using `connect()` or `createConnection()`. See http://mongoosejs.com/docs/connections.html#use-mongo-client
2017-08-10 : Error: listen EADDRINUSE :::9000
    at Object.exports._errnoException (util.js:1050:11)
    at exports._exceptionWithHostPort (util.js:1073:20)
    at Server.setupListenHandle [as _listen2] (net.js:1259:14)
    at listenInCluster (net.js:1307:12)
    at Server.listen (net.js:1406:7)
    at Object.<anonymous> (/Users/apottenger/Dropbox/One Pebble/one-pebble-app/server_dist/app.js:112:8)
    at Module._compile (module.js:571:32)
    at Object.Module._extensions..js (module.js:580:10)
    at Module.load (module.js:488:32)
    at tryModuleLoad (module.js:447:12)
    at Function.Module._load (module.js:439:3)
    at Object.<anonymous> (/Users/apottenger/.nvm/versions/node/v7.10.0/lib/node_modules/pm2/lib/ProcessContainerFork.js:70:21)
    at Module._compile (module.js:571:32)
    at Object.Module._extensions..js (module.js:580:10)
    at Module.load (module.js:488:32)
    at tryModuleLoad (module.js:447:12)
2017-08-10 : (node:21343) DeprecationWarning: `open()` is deprecated in mongoose >= 4.11.0, use `openUri()` instead, or set the `useMongoClient` option if using `connect()` or `createConnection()`. See http://mongoosejs.com/docs/connections.html#use-mongo-client
2017-08-10 : Error: listen EADDRINUSE :::9000
    at Object.exports._errnoException (util.js:1050:11)
    at exports._exceptionWithHostPort (util.js:1073:20)
    at Server.setupListenHandle [as _listen2] (net.js:1259:14)
    at listenInCluster (net.js:1307:12)
    at Server.listen (net.js:1406:7)
    at Object.<anonymous> (/Users/apottenger/Dropbox/One Pebble/one-pebble-app/server_dist/app.js:112:8)
    at Module._compile (module.js:571:32)
    at Object.Module._extensions..js (module.js:580:10)
    at Module.load (module.js:488:32)
    at tryModuleLoad (module.js:447:12)
    at Function.Module._load (module.js:439:3)
    at Object.<anonymous> (/Users/apottenger/.nvm/versions/node/v7.10.0/lib/node_modules/pm2/lib/ProcessContainerFork.js:70:21)
    at Module._compile (module.js:571:32)
    at Object.Module._extensions..js (module.js:580:10)
    at Module.load (module.js:488:32)
    at tryModuleLoad (module.js:447:12)
2017-08-10 : (node:21346) DeprecationWarning: `open()` is deprecated in mongoose >= 4.11.0, use `openUri()` instead, or set the `useMongoClient` option if using `connect()` or `createConnection()`. See http://mongoosejs.com/docs/connections.html#use-mongo-client
2017-08-10 : Error: listen EADDRINUSE :::9000
    at Object.exports._errnoException (util.js:1050:11)
    at exports._exceptionWithHostPort (util.js:1073:20)
    at Server.setupListenHandle [as _listen2] (net.js:1259:14)
    at listenInCluster (net.js:1307:12)
    at Server.listen (net.js:1406:7)
    at Object.<anonymous> (/Users/apottenger/Dropbox/One Pebble/one-pebble-app/server_dist/app.js:112:8)
    at Module._compile (module.js:571:32)
    at Object.Module._extensions..js (module.js:580:10)
    at Module.load (module.js:488:32)
    at tryModuleLoad (module.js:447:12)
    at Function.Module._load (module.js:439:3)
    at Object.<anonymous> (/Users/apottenger/.nvm/versions/node/v7.10.0/lib/node_modules/pm2/lib/ProcessContainerFork.js:70:21)
    at Module._compile (module.js:571:32)
    at Object.Module._extensions..js (module.js:580:10)
    at Module.load (module.js:488:32)
    at tryModuleLoad (module.js:447:12)
2017-08-10 : (node:21349) DeprecationWarning: `open()` is deprecated in mongoose >= 4.11.0, use `openUri()` instead, or set the `useMongoClient` option if using `connect()` or `createConnection()`. See http://mongoosejs.com/docs/connections.html#use-mongo-client
2017-08-10 : Error: listen EADDRINUSE :::9000
    at Object.exports._errnoException (util.js:1050:11)
    at exports._exceptionWithHostPort (util.js:1073:20)
    at Server.setupListenHandle [as _listen2] (net.js:1259:14)
    at listenInCluster (net.js:1307:12)
    at Server.listen (net.js:1406:7)
    at Object.<anonymous> (/Users/apottenger/Dropbox/One Pebble/one-pebble-app/server_dist/app.js:112:8)
    at Module._compile (module.js:571:32)
    at Object.Module._extensions..js (module.js:580:10)
    at Module.load (module.js:488:32)
    at tryModuleLoad (module.js:447:12)
    at Function.Module._load (module.js:439:3)
    at Object.<anonymous> (/Users/apottenger/.nvm/versions/node/v7.10.0/lib/node_modules/pm2/lib/ProcessContainerFork.js:70:21)
    at Module._compile (module.js:571:32)
    at Object.Module._extensions..js (module.js:580:10)
    at Module.load (module.js:488:32)
    at tryModuleLoad (module.js:447:12)
2017-08-10 : (node:21352) DeprecationWarning: `open()` is deprecated in mongoose >= 4.11.0, use `openUri()` instead, or set the `useMongoClient` option if using `connect()` or `createConnection()`. See http://mongoosejs.com/docs/connections.html#use-mongo-client
2017-08-10 : Error: listen EADDRINUSE :::9000
    at Object.exports._errnoException (util.js:1050:11)
    at exports._exceptionWithHostPort (util.js:1073:20)
    at Server.setupListenHandle [as _listen2] (net.js:1259:14)
    at listenInCluster (net.js:1307:12)
    at Server.listen (net.js:1406:7)
    at Object.<anonymous> (/Users/apottenger/Dropbox/One Pebble/one-pebble-app/server_dist/app.js:112:8)
    at Module._compile (module.js:571:32)
    at Object.Module._extensions..js (module.js:580:10)
    at Module.load (module.js:488:32)
    at tryModuleLoad (module.js:447:12)
    at Function.Module._load (module.js:439:3)
    at Object.<anonymous> (/Users/apottenger/.nvm/versions/node/v7.10.0/lib/node_modules/pm2/lib/ProcessContainerFork.js:70:21)
    at Module._compile (module.js:571:32)
    at Object.Module._extensions..js (module.js:580:10)
    at Module.load (module.js:488:32)
    at tryModuleLoad (module.js:447:12)
2017-08-10 : (node:21357) DeprecationWarning: `open()` is deprecated in mongoose >= 4.11.0, use `openUri()` instead, or set the `useMongoClient` option if using `connect()` or `createConnection()`. See http://mongoosejs.com/docs/connections.html#use-mongo-client
2017-08-10 : Error: listen EADDRINUSE :::9000
    at Object.exports._errnoException (util.js:1050:11)
    at exports._exceptionWithHostPort (util.js:1073:20)
    at Server.setupListenHandle [as _listen2] (net.js:1259:14)
    at listenInCluster (net.js:1307:12)
    at Server.listen (net.js:1406:7)
    at Object.<anonymous> (/Users/apottenger/Dropbox/One Pebble/one-pebble-app/server_dist/app.js:112:8)
    at Module._compile (module.js:571:32)
    at Object.Module._extensions..js (module.js:580:10)
    at Module.load (module.js:488:32)
    at tryModuleLoad (module.js:447:12)
    at Function.Module._load (module.js:439:3)
    at Object.<anonymous> (/Users/apottenger/.nvm/versions/node/v7.10.0/lib/node_modules/pm2/lib/ProcessContainerFork.js:70:21)
    at Module._compile (module.js:571:32)
    at Object.Module._extensions..js (module.js:580:10)
    at Module.load (module.js:488:32)
    at tryModuleLoad (module.js:447:12)
2017-08-10 : (node:21360) DeprecationWarning: `open()` is deprecated in mongoose >= 4.11.0, use `openUri()` instead, or set the `useMongoClient` option if using `connect()` or `createConnection()`. See http://mongoosejs.com/docs/connections.html#use-mongo-client
2017-08-10 : Error: listen EADDRINUSE :::9000
    at Object.exports._errnoException (util.js:1050:11)
    at exports._exceptionWithHostPort (util.js:1073:20)
    at Server.setupListenHandle [as _listen2] (net.js:1259:14)
    at listenInCluster (net.js:1307:12)
    at Server.listen (net.js:1406:7)
    at Object.<anonymous> (/Users/apottenger/Dropbox/One Pebble/one-pebble-app/server_dist/app.js:112:8)
    at Module._compile (module.js:571:32)
    at Object.Module._extensions..js (module.js:580:10)
    at Module.load (module.js:488:32)
    at tryModuleLoad (module.js:447:12)
    at Function.Module._load (module.js:439:3)
    at Object.<anonymous> (/Users/apottenger/.nvm/versions/node/v7.10.0/lib/node_modules/pm2/lib/ProcessContainerFork.js:70:21)
    at Module._compile (module.js:571:32)
    at Object.Module._extensions..js (module.js:580:10)
    at Module.load (module.js:488:32)
    at tryModuleLoad (module.js:447:12)
2017-08-10 : (node:21366) DeprecationWarning: `open()` is deprecated in mongoose >= 4.11.0, use `openUri()` instead, or set the `useMongoClient` option if using `connect()` or `createConnection()`. See http://mongoosejs.com/docs/connections.html#use-mongo-client
2017-08-10 : Error: listen EADDRINUSE :::9000
    at Object.exports._errnoException (util.js:1050:11)
    at exports._exceptionWithHostPort (util.js:1073:20)
    at Server.setupListenHandle [as _listen2] (net.js:1259:14)
    at listenInCluster (net.js:1307:12)
    at Server.listen (net.js:1406:7)
    at Object.<anonymous> (/Users/apottenger/Dropbox/One Pebble/one-pebble-app/server_dist/app.js:112:8)
    at Module._compile (module.js:571:32)
    at Object.Module._extensions..js (module.js:580:10)
    at Module.load (module.js:488:32)
    at tryModuleLoad (module.js:447:12)
    at Function.Module._load (module.js:439:3)
    at Object.<anonymous> (/Users/apottenger/.nvm/versions/node/v7.10.0/lib/node_modules/pm2/lib/ProcessContainerFork.js:70:21)
    at Module._compile (module.js:571:32)
    at Object.Module._extensions..js (module.js:580:10)
    at Module.load (module.js:488:32)
    at tryModuleLoad (module.js:447:12)
2017-08-10 : (node:21369) DeprecationWarning: `open()` is deprecated in mongoose >= 4.11.0, use `openUri()` instead, or set the `useMongoClient` option if using `connect()` or `createConnection()`. See http://mongoosejs.com/docs/connections.html#use-mongo-client
2017-08-10 : Error: listen EADDRINUSE :::9000
    at Object.exports._errnoException (util.js:1050:11)
    at exports._exceptionWithHostPort (util.js:1073:20)
    at Server.setupListenHandle [as _listen2] (net.js:1259:14)
    at listenInCluster (net.js:1307:12)
    at Server.listen (net.js:1406:7)
    at Object.<anonymous> (/Users/apottenger/Dropbox/One Pebble/one-pebble-app/server_dist/app.js:112:8)
    at Module._compile (module.js:571:32)
    at Object.Module._extensions..js (module.js:580:10)
    at Module.load (module.js:488:32)
    at tryModuleLoad (module.js:447:12)
    at Function.Module._load (module.js:439:3)
    at Object.<anonymous> (/Users/apottenger/.nvm/versions/node/v7.10.0/lib/node_modules/pm2/lib/ProcessContainerFork.js:70:21)
    at Module._compile (module.js:571:32)
    at Object.Module._extensions..js (module.js:580:10)
    at Module.load (module.js:488:32)
    at tryModuleLoad (module.js:447:12)
2017-08-10 : (node:21372) DeprecationWarning: `open()` is deprecated in mongoose >= 4.11.0, use `openUri()` instead, or set the `useMongoClient` option if using `connect()` or `createConnection()`. See http://mongoosejs.com/docs/connections.html#use-mongo-client
2017-08-10 : Error: listen EADDRINUSE :::9000
    at Object.exports._errnoException (util.js:1050:11)
    at exports._exceptionWithHostPort (util.js:1073:20)
    at Server.setupListenHandle [as _listen2] (net.js:1259:14)
    at listenInCluster (net.js:1307:12)
    at Server.listen (net.js:1406:7)
    at Object.<anonymous> (/Users/apottenger/Dropbox/One Pebble/one-pebble-app/server_dist/app.js:112:8)
    at Module._compile (module.js:571:32)
    at Object.Module._extensions..js (module.js:580:10)
    at Module.load (module.js:488:32)
    at tryModuleLoad (module.js:447:12)
    at Function.Module._load (module.js:439:3)
    at Object.<anonymous> (/Users/apottenger/.nvm/versions/node/v7.10.0/lib/node_modules/pm2/lib/ProcessContainerFork.js:70:21)
    at Module._compile (module.js:571:32)
    at Object.Module._extensions..js (module.js:580:10)
    at Module.load (module.js:488:32)
    at tryModuleLoad (module.js:447:12)
2017-08-10 : (node:21407) DeprecationWarning: `open()` is deprecated in mongoose >= 4.11.0, use `openUri()` instead, or set the `useMongoClient` option if using `connect()` or `createConnection()`. See http://mongoosejs.com/docs/connections.html#use-mongo-client
2017-08-10 : Db.prototype.authenticate method will no longer be available in the next major release 3.x as MongoDB 3.6 will only allow auth against users in the admin db and will no longer allow multiple credentials on a socket. Please authenticate using MongoClient.connect with auth credentials.
2017-08-10 : (node:21436) DeprecationWarning: `open()` is deprecated in mongoose >= 4.11.0, use `openUri()` instead, or set the `useMongoClient` option if using `connect()` or `createConnection()`. See http://mongoosejs.com/docs/connections.html#use-mongo-client
2017-08-10 : Db.prototype.authenticate method will no longer be available in the next major release 3.x as MongoDB 3.6 will only allow auth against users in the admin db and will no longer allow multiple credentials on a socket. Please authenticate using MongoClient.connect with auth credentials.
2017-08-10 : (node:22269) DeprecationWarning: `open()` is deprecated in mongoose >= 4.11.0, use `openUri()` instead, or set the `useMongoClient` option if using `connect()` or `createConnection()`. See http://mongoosejs.com/docs/connections.html#use-mongo-client
2017-08-10 : Db.prototype.authenticate method will no longer be available in the next major release 3.x as MongoDB 3.6 will only allow auth against users in the admin db and will no longer allow multiple credentials on a socket. Please authenticate using MongoClient.connect with auth credentials.
2017-08-10 : (node:22281) DeprecationWarning: `open()` is deprecated in mongoose >= 4.11.0, use `openUri()` instead, or set the `useMongoClient` option if using `connect()` or `createConnection()`. See http://mongoosejs.com/docs/connections.html#use-mongo-client
2017-08-10 : Db.prototype.authenticate method will no longer be available in the next major release 3.x as MongoDB 3.6 will only allow auth against users in the admin db and will no longer allow multiple credentials on a socket. Please authenticate using MongoClient.connect with auth credentials.
2017-08-10 : (node:22292) DeprecationWarning: `open()` is deprecated in mongoose >= 4.11.0, use `openUri()` instead, or set the `useMongoClient` option if using `connect()` or `createConnection()`. See http://mongoosejs.com/docs/connections.html#use-mongo-client
2017-08-10 : Db.prototype.authenticate method will no longer be available in the next major release 3.x as MongoDB 3.6 will only allow auth against users in the admin db and will no longer allow multiple credentials on a socket. Please authenticate using MongoClient.connect with auth credentials.
2017-08-10 : (node:22414) DeprecationWarning: `open()` is deprecated in mongoose >= 4.11.0, use `openUri()` instead, or set the `useMongoClient` option if using `connect()` or `createConnection()`. See http://mongoosejs.com/docs/connections.html#use-mongo-client
2017-08-10 : Db.prototype.authenticate method will no longer be available in the next major release 3.x as MongoDB 3.6 will only allow auth against users in the admin db and will no longer allow multiple credentials on a socket. Please authenticate using MongoClient.connect with auth credentials.
2017-08-10 : (node:22509) DeprecationWarning: `open()` is deprecated in mongoose >= 4.11.0, use `openUri()` instead, or set the `useMongoClient` option if using `connect()` or `createConnection()`. See http://mongoosejs.com/docs/connections.html#use-mongo-client
2017-08-10 : Db.prototype.authenticate method will no longer be available in the next major release 3.x as MongoDB 3.6 will only allow auth against users in the admin db and will no longer allow multiple credentials on a socket. Please authenticate using MongoClient.connect with auth credentials.
