2017-08-10 : config.db.mongo.uri mongodb://apotts15:Palooza15@ds111262.mlab.com:11262/heroku_hhl5zbl1
2017-08-10 : config.db.mongo.uri mongodb://apotts15:Palooza15@ds111262.mlab.com:11262/heroku_hhl5zbl1
2017-08-10 : config.db.mongo.uri mongodb://apotts15:Palooza15@ds111262.mlab.com:11262/heroku_hhl5zbl1
2017-08-10 : config.db.mongo.uri mongodb://apotts15:Palooza15@ds111262.mlab.com:11262/heroku_hhl5zbl1
2017-08-10 : config.db.mongo.uri mongodb://apotts15:Palooza15@ds111262.mlab.com:11262/heroku_hhl5zbl1
2017-08-10 : config.db.mongo.uri mongodb://apotts15:Palooza15@ds111262.mlab.com:11262/heroku_hhl5zbl1
2017-08-10 : config.db.mongo.uri mongodb://apotts15:Palooza15@ds111262.mlab.com:11262/heroku_hhl5zbl1
2017-08-10 : config.db.mongo.uri mongodb://apotts15:Palooza15@ds111262.mlab.com:11262/heroku_hhl5zbl1
2017-08-10 : config.db.mongo.uri mongodb://apotts15:Palooza15@ds111262.mlab.com:11262/heroku_hhl5zbl1
2017-08-10 : config.db.mongo.uri mongodb://apotts15:Palooza15@ds111262.mlab.com:11262/heroku_hhl5zbl1
2017-08-10 : config.db.mongo.uri mongodb://apotts15:Palooza15@ds111262.mlab.com:11262/heroku_hhl5zbl1
2017-08-10 : config.db.mongo.uri mongodb://apotts15:Palooza15@ds111262.mlab.com:11262/heroku_hhl5zbl1
2017-08-10 : config.db.mongo.uri mongodb://apotts15:Palooza15@ds111262.mlab.com:11262/heroku_hhl5zbl1
2017-08-10 : config.db.mongo.uri mongodb://apotts15:Palooza15@ds111262.mlab.com:11262/heroku_hhl5zbl1
2017-08-10 : config.db.mongo.uri mongodb://apotts15:Palooza15@ds111262.mlab.com:11262/heroku_hhl5zbl1
2017-08-10 : config.db.mongo.uri mongodb://apotts15:Palooza15@ds111262.mlab.com:11262/heroku_hhl5zbl1
2017-08-10 : config.db.mongo.uri mongodb://apotts15:Palooza15@ds111262.mlab.com:11262/heroku_hhl5zbl1
2017-08-10 : Express server listening on 9000, in production mode
2017-08-10 : connected to mongo db
2017-08-10 : config.db.mongo.uri mongodb://apotts15:Palooza15@ds111262.mlab.com:11262/heroku_hhl5zbl1
2017-08-10 : Express server listening on 9000, in production mode
2017-08-10 : connected to mongo db
2017-08-10 : null
2017-08-10 : results []
